<?xml version="1.0" encoding="UTF-8"?>
<testng-results skipped="0" failed="0" total="1" passed="1">
  <reporter-output>
  </reporter-output>
  <suite name="Suite" duration-ms="9098" started-at="2021-05-05T10:30:13Z" finished-at="2021-05-05T10:30:22Z">
    <groups>
    </groups>
    <test name="Test" duration-ms="9098" started-at="2021-05-05T10:30:13Z" finished-at="2021-05-05T10:30:22Z">
      <class name="hai.NewTest">
        <test-method status="PASS" signature="beforeClass()[pri:0, instance:hai.NewTest@735b478]" name="beforeClass" is-config="true" duration-ms="2339" started-at="2021-05-05T16:00:13Z" finished-at="2021-05-05T16:00:16Z">
          <reporter-output>
          </reporter-output>
        </test-method> <!-- beforeClass -->
        <test-method status="PASS" signature="f()[pri:0, instance:hai.NewTest@735b478]" name="f" duration-ms="4987" started-at="2021-05-05T16:00:16Z" finished-at="2021-05-05T16:00:21Z">
          <reporter-output>
          </reporter-output>
        </test-method> <!-- f -->
        <test-method status="PASS" signature="afterClass()[pri:0, instance:hai.NewTest@735b478]" name="afterClass" is-config="true" duration-ms="1762" started-at="2021-05-05T16:00:21Z" finished-at="2021-05-05T16:00:22Z">
          <reporter-output>
          </reporter-output>
        </test-method> <!-- afterClass -->
      </class> <!-- hai.NewTest -->
    </test> <!-- Test -->
  </suite> <!-- Suite -->
</testng-results>
