<?xml version="1.0" encoding="UTF-8"?>
<testng-results skipped="0" failed="0" ignored="0" total="1" passed="1">
  <reporter-output>
  </reporter-output>
  <suite name="Default suite" duration-ms="13498" started-at="2021-05-16T07:25:16Z" finished-at="2021-05-16T07:25:30Z">
    <groups>
    </groups>
    <test name="Default test" duration-ms="13498" started-at="2021-05-16T07:25:16Z" finished-at="2021-05-16T07:25:30Z">
      <class name="hai.NewTest">
        <test-method status="PASS" signature="beforeClass()[pri:0, instance:hai.NewTest@d8355a8]" name="beforeClass" is-config="true" duration-ms="9664" started-at="2021-05-16T12:55:16Z" finished-at="2021-05-16T12:55:26Z">
          <reporter-output>
          </reporter-output>
        </test-method> <!-- beforeClass -->
        <test-method status="PASS" signature="f()[pri:0, instance:hai.NewTest@d8355a8]" name="f" duration-ms="1678" started-at="2021-05-16T12:55:26Z" finished-at="2021-05-16T12:55:28Z">
          <reporter-output>
          </reporter-output>
        </test-method> <!-- f -->
        <test-method status="PASS" signature="afterClass()[pri:0, instance:hai.NewTest@d8355a8]" name="afterClass" is-config="true" duration-ms="2136" started-at="2021-05-16T12:55:28Z" finished-at="2021-05-16T12:55:30Z">
          <reporter-output>
          </reporter-output>
        </test-method> <!-- afterClass -->
      </class> <!-- hai.NewTest -->
    </test> <!-- Default test -->
  </suite> <!-- Default suite -->
</testng-results>
